
<R4>
<R4>
<R4>
<R4>
<R4>
<R4>
<R4>
<R4>
<R4>
<R4>
<R4>
<R4>
<R4>
<R4>
<R4>display lldp local
System information
Chassis type   :macAddress 
Chassis ID     :00e0-fcf6-2bbf
System name    :R4
System description  :Huawei AR1220 Huawei Versatile Routing Platform Software  VRP (R) software,Version 5.130 (AR1220 V200R003C00) Copyright (C) 2011-2012 Huawei Technologies Co., Ltd
System capabilities supported   :bridge  
System capabilities enabled     :bridge  
LLDP Up time   :2026/3/14 2:26:17

MED system information
Device class   :Network Connectivity
(MED inventory information of master board)
HardwareRev       :AR01SRU1A VER.A
FirmwareRev       :-
SoftwareRev       :V200R003C00
SerialNum         :NA
Manufacturer name :HUAWEI TECH CO., LTD
Model name        :NA
Asset tracking identifier :NA

System configuration
LLDP Status                     :enabled             (default is disabled)
LLDP Message Tx Interval        :30                  (default is 30s)     
LLDP Message Tx Hold Multiplier :4                   (default is 4)       
  ---- More ----[42D                                          [42DLLDP Refresh Delay              :2                   (default is 2s)      
  ---- More ----[42D                                          [42DLLDP Tx Delay                   :2                   (default is 2s)      
  ---- More ----[42D                                          [42DLLDP Notification Interval      :5                   (default is 5s)      
  ---- More ----[42D                                          [42D
<R4>ystem-view
    ^
Error: Unrecognized command found at '^' position.
<R4>
<R4>
<R4>
<R4>
<R4>
<R4>display interface brief
PHY: Physical
*down: administratively down
(l): loopback
(s): spoofing
(b): BFD down
^down: standby
(e): ETHOAM down
(d): Dampening Suppressed
InUti/OutUti: input utility/output utility
Interface                   PHY   Protocol InUti OutUti   inErrors  outErrors
Ethernet0/0/0               down  down        0%     0%          0          0
Ethernet0/0/1               down  down        0%     0%          0          0
Ethernet0/0/2               down  down        0%     0%          0          0
Ethernet0/0/3               down  down        0%     0%          0          0
Ethernet0/0/4               down  down        0%     0%          0          0
Ethernet0/0/5               down  down        0%     0%          0          0
Ethernet0/0/6               down  down        0%     0%          0          0
Ethernet0/0/7               down  down        0%     0%          0          0
GigabitEthernet0/0/0        down  down        0%     0%          0          0
GigabitEthernet0/0/1        down  down        0%     0%          0          0
LoopBack0                   up    up(s)       0%     0%          0          0
NULL0                       up    up(s)       0%     0%          0          0
Serial2/0/0                 up    up          0%     0%          0          0
Serial2/0/1                 down  down        0%     0%          0          0
<R4>
<R4>
<R4>
<R4>
<R4>
<R4>
<R4>
<R4>
<R4>
<R4>display ip interface brief
*down: administratively down
^down: standby
(l): loopback
(s): spoofing
The number of interface that is UP in Physical is 3
The number of interface that is DOWN in Physical is 3
The number of interface that is UP in Protocol is 3
The number of interface that is DOWN in Protocol is 3

Interface                         IP Address/Mask      Physical   Protocol  
GigabitEthernet0/0/0              unassigned           down       down      
GigabitEthernet0/0/1              unassigned           down       down      
LoopBack0                         10.0.4.4/32          up         up(s)     
NULL0                             unassigned           up         up(s)     
Serial2/0/0                       10.0.14.4/24         up         up        
Serial2/0/1                       unassigned           down       down      
<R4>
<R4>
<R4>
<R4>
<R4>
<R4>
<R4>
<R4>
<R4>
<R4>display arp
IP ADDRESS      MAC ADDRESS     EXPIRE(M) TYPE        INTERFACE   VPN-INSTANCE 
                                          VLAN/CEVLAN PVC                      
------------------------------------------------------------------------------
------------------------------------------------------------------------------
Total:0         Dynamic:0       Static:0     Interface:0    
<R4>
<R4>
<R4>
<R4>
<R4>
<R4>
<R4>
<R4>
<R4>
<R4>display mac-address
-------------------------------------------------------------------------------
MAC Address       VLAN/Bridge             Learned-From               Type      
-------------------------------------------------------------------------------

-------------------------------------------------------------------------------
Total items displayed = 0 

<R4>
<R4>
<R4>
<R4>
<R4>
<R4>
<R4>
<R4>
<R4>
<R4>display lldp neighbor brief
Local Intf   Neighbor Dev             Neighbor Intf             Exptime
<R4>
<R4>
<R4>
<R4>
<R4>
<R4>
<R4>
<R4>
<R4>
<R4>display current-configuration | include sysname
 sysname R4
<R4>
<R4>
<R4>
<R4>
<R4>
<R4>
<R4>
<R4>
<R4>
<R4>display current-configuration
[V200R003C00]
#
 sysname R4
#
 board add 0/2 2SA 
#
 snmp-agent local-engineid 800007DB03000000000000
 snmp-agent sys-info location 
 snmp-agent 
#
 clock timezone China-Standard-Time minus 08:00:00
#
portal local-server load portalpage.zip
#
 drop illegal-mac alarm
#
stp disable
#
 lldp enable 
#
 wlan ac-global carrier id other ac id 0
#
 set cpu-usage threshold 80 restore 75
#
  ---- More ----[42D                                          [42Daaa 
  ---- More ----[42D                                          [42D authentication-scheme default
  ---- More ----[42D                                          [42D authorization-scheme default
  ---- More ----[42D                                          [42D accounting-scheme default
  ---- More ----[42D                                          [42D domain default 
  ---- More ----[42D                                          [42D domain default_admin 
  ---- More ----[42D                                          [42D local-user admin password cipher %$%$c:m-K[IXX=&A<b""8/_DQFGrnPd@=4"wFI>,lGHMD%1BFGuQ%$%$
  ---- More ----[42D                                          [42D local-user admin service-type http
  ---- More ----[42D                                          [42D#
  ---- More ----[42D                                          [42D
<R4>ir
    ^
Error: Unrecognized command found at '^' position.
<R4>
<R4>
<R4>
<R4>
<R4>
<R4>
<R4>
<R4>
<R4>
<R4>display ip routing-table
Route Flags: R - relay, D - download to fib
------------------------------------------------------------------------------
Routing Tables: Public
         Destinations : 11       Routes : 11       

Destination/Mask    Proto   Pre  Cost      Flags NextHop         Interface

       10.0.0.0/8   EBGP    255  0           D   10.0.14.1       Serial2/0/0
       10.0.4.4/32  Direct  0    0           D   127.0.0.1       LoopBack0
      10.0.14.0/24  Direct  0    0           D   10.0.14.4       Serial2/0/0
      10.0.14.1/32  Direct  0    0           D   10.0.14.1       Serial2/0/0
      10.0.14.4/32  Direct  0    0           D   127.0.0.1       Serial2/0/0
    10.0.14.255/32  Direct  0    0           D   127.0.0.1       Serial2/0/0
       10.1.3.0/24  EBGP    255  0           D   10.0.14.1       Serial2/0/0
      127.0.0.0/8   Direct  0    0           D   127.0.0.1       InLoopBack0
      127.0.0.1/32  Direct  0    0           D   127.0.0.1       InLoopBack0
127.255.255.255/32  Direct  0    0           D   127.0.0.1       InLoopBack0
255.255.255.255/32  Direct  0    0           D   127.0.0.1       InLoopBack0

<R4>
<R4>
<R4>
<R4>
<R4>
<R4>
<R4>
<R4>
<R4>
<R4>display ip interface brief
*down: administratively down
^down: standby
(l): loopback
(s): spoofing
The number of interface that is UP in Physical is 3
The number of interface that is DOWN in Physical is 3
The number of interface that is UP in Protocol is 3
The number of interface that is DOWN in Protocol is 3

Interface                         IP Address/Mask      Physical   Protocol  
GigabitEthernet0/0/0              unassigned           down       down      
GigabitEthernet0/0/1              unassigned           down       down      
LoopBack0                         10.0.4.4/32          up         up(s)     
NULL0                             unassigned           up         up(s)     
Serial2/0/0                       10.0.14.4/24         up         up        
Serial2/0/1                       unassigned           down       down      
<R4>