
<R1>
<R1>
<R1>
<R1>
<R1>
<R1>
<R1>
<R1>
<R1>
<R1>
<R1>
<R1>
<R1>
<R1>
<R1>
<R1>
<R1>
<R1>
<R1>display lldp local
Error: Global LLDP is not enabled.
<R1>
<R1>
<R1>
<R1>system-view
Enter system view, return user view with Ctrl+Z.
[R1]
[R1]lldp enable
Info: Global LLDP is enabled successfully.
[R1]
[R1]quit
<R1>
<R1>
<R1>
<R1>
Mar 14 2026 02:26:27-08:00 R1 LLDP/4/ENABLETRAP:OID: 16777216.50331648.100663296.16777216.67108864.16777216.3674669056.83886080.419430400.2248146944.33554432.16777216 Global LLDP is enabled.
<R1>
<R1>
<R1>
<R1>
<R1>
<R1>
<R1>
<R1>
<R1>display interface brief
PHY: Physical
*down: administratively down
(l): loopback
(s): spoofing
(b): BFD down
^down: standby
(e): ETHOAM down
(d): Dampening Suppressed
InUti/OutUti: input utility/output utility
Interface                   PHY   Protocol InUti OutUti   inErrors  outErrors
Ethernet0/0/0               down  down        0%     0%          0          0
Ethernet0/0/1               down  down        0%     0%          0          0
Ethernet0/0/2               down  down        0%     0%          0          0
Ethernet0/0/3               down  down        0%     0%          0          0
Ethernet0/0/4               down  down        0%     0%          0          0
Ethernet0/0/5               down  down        0%     0%          0          0
Ethernet0/0/6               down  down        0%     0%          0          0
Ethernet0/0/7               down  down        0%     0%          0          0
GigabitEthernet0/0/0        down  down        0%     0%          0          0
GigabitEthernet0/0/1        down  down        0%     0%          0          0
LoopBack0                   up    up(s)       0%     0%          0          0
NULL0                       up    up(s)       0%     0%          0          0
Serial2/0/0                 up    up          0%     0%          0          0
Serial2/0/1                 up    up          0%     0%          0          0
<R1>
<R1>
<R1>
<R1>display ip interface brief
*down: administratively down
^down: standby
(l): loopback
(s): spoofing
The number of interface that is UP in Physical is 4
The number of interface that is DOWN in Physical is 2
The number of interface that is UP in Protocol is 4
The number of interface that is DOWN in Protocol is 2

Interface                         IP Address/Mask      Physical   Protocol  
GigabitEthernet0/0/0              unassigned           down       down      
GigabitEthernet0/0/1              unassigned           down       down      
LoopBack0                         10.0.1.1/32          up         up(s)     
NULL0                             unassigned           up         up(s)     
Serial2/0/0                       10.0.12.1/24         up         up        
Serial2/0/1                       10.0.14.1/24         up         up        
<R1>
<R1>
<R1>
<R1>
<R1>
<R1>
<R1>
<R1>
<R1>
<R1>display arp
IP ADDRESS      MAC ADDRESS     EXPIRE(M) TYPE        INTERFACE   VPN-INSTANCE 
                                          VLAN/CEVLAN PVC                      
------------------------------------------------------------------------------
------------------------------------------------------------------------------
Total:0         Dynamic:0       Static:0     Interface:0    
<R1>
<R1>
<R1>
<R1>
<R1>
<R1>
<R1>
<R1>
<R1>
<R1>display mac-address
-------------------------------------------------------------------------------
MAC Address       VLAN/Bridge             Learned-From               Type      
-------------------------------------------------------------------------------

-------------------------------------------------------------------------------
Total items displayed = 0 

<R1>
<R1>
<R1>
<R1>
<R1>
<R1>
<R1>
<R1>
<R1>
<R1>display lldp neighbor brief
Local Intf   Neighbor Dev             Neighbor Intf             Exptime
<R1>
<R1>
<R1>
<R1>
<R1>
<R1>
<R1>
<R1>
<R1>
<R1>display current-configuration | include sysname
 sysname R1
<R1>
<R1>
<R1>
<R1>
<R1>
<R1>
<R1>
<R1>
<R1>
<R1>dir
Directory of flash:/

  Idx  Attr     Size(Byte)  Date        Time(LMT)  FileName 
    0  drw-              -  Mar 13 2026 18:21:11   dhcp
    1  -rw-        121,802  May 26 2014 09:20:58   portalpage.zip
    2  -rw-          2,263  Mar 13 2026 18:21:07   statemach.efs
    3  -rw-        828,482  May 26 2014 09:20:58   sslvpn.zip
    4  -rw-            958  Mar 13 2026 18:21:01   vrpcfg.zip

1,090,732 KB total (784,460 KB free)
<R1>