[42D                                          [42D rule 0 permit source 10.2.5.0 0.0.0.255 
  ---- More ----[42D                                          [42Dacl number 2002  
  ---- More ----[42D                                          [42D rule 0 permit source 10.3.5.0 0.0.0.255 
  ---- More ----[42D                                          [42D#
  ---- More ----[42D                                          [42Daaa 
  ---- More ----[42D                                          [42D authentication-scheme default
  ---- More ----[42D                                          [42D authorization-scheme default
  ---- More ----[42D                                          [42D accounting-scheme default
  ---- More ----[42D                                          [42D domain default 
  ---- More ----[42D                                          [42D domain default_admin 
  ---- More ----[42D                                          [42D local-user admin password cipher %$%$Jo^iV}T=bP~'zC4Fh<'$QFhvX}aa.}9;+Y<1/iI-AKM2FhyQ%$%$
  ---- More ----[42D                                          [42D
<R5>isplay lldp local
    ^
Error: Unrecognized command found at '^' position.
<R5>
<R5>
<R5>
<R5>system-view
Enter system view, return user view with Ctrl+Z.
[R5]
[R5]lldp enable
Info: Global LLDP is already enabled.
[R5]
[R5]quit
<R5>
<R5>
<R5>
<R5>
<R5>
<R5>
<R5>
<R5>
<R5>
<R5>display interface brief
PHY: Physical
*down: administratively down
(l): loopback
(s): spoofing
(b): BFD down
^down: standby
(e): ETHOAM down
(d): Dampening Suppressed
InUti/OutUti: input utility/output utility
Interface                   PHY   Protocol InUti OutUti   inErrors  outErrors
Ethernet0/0/0               down  down        0%     0%          0          0
Ethernet0/0/1               down  down        0%     0%          0          0
Ethernet0/0/2               down  down        0%     0%          0          0
Ethernet0/0/3               down  down        0%     0%          0          0
Ethernet0/0/4               down  down        0%     0%          0          0
Ethernet0/0/5               down  down        0%     0%          0          0
Ethernet0/0/6               down  down        0%     0%          0          0
Ethernet0/0/7               down  down        0%     0%          0          0
GigabitEthernet0/0/0        up    up          0%     0%          0          0
GigabitEthernet0/0/1        down  down        0%     0%          0          0
LoopBack0                   up    up(s)       0%     0%          0          0
LoopBack1                   up    up(s)       0%     0%          0          0
LoopBack2                   up    up(s)       0%     0%          0          0
LoopBack3                   up    up(s)       0%     0%          0          0
NULL0                       up    up(s)       0%     0%          0          0
<R5>
<R5>
<R5>
<R5>display ip interface brief
*down: administratively down
^down: standby
(l): loopback
(s): spoofing
The number of interface that is UP in Physical is 6
The number of interface that is DOWN in Physical is 1
The number of interface that is UP in Protocol is 6
The number of interface that is DOWN in Protocol is 1

Interface                         IP Address/Mask      Physical   Protocol  
GigabitEthernet0/0/0              10.0.25.5/24         up         up        
GigabitEthernet0/0/1              unassigned           down       down      
LoopBack0                         10.0.5.5/32          up         up(s)     
LoopBack1                         10.1.5.5/24          up         up(s)     
LoopBack2                         10.2.5.5/24          up         up(s)     
LoopBack3                         10.3.5.5/24          up         up(s)     
NULL0                             unassigned           up         up(s)     
<R5>
<R5>
<R5>
<R5>
<R5>
<R5>
<R5>
<R5>
<R5>
<R5>display arp
IP ADDRESS      MAC ADDRESS     EXPIRE(M) TYPE        INTERFACE   VPN-INSTANCE 
                                          VLAN/CEVLAN PVC                      
------------------------------------------------------------------------------
10.0.25.5       00e0-fc81-2322            I -         GE0/0/0
10.0.25.2       00e0-fc22-572f  15        D-0         GE0/0/0
------------------------------------------------------------------------------
Total:2         Dynamic:1       Static:0     Interface:1    
<R5>
<R5>
<R5>
<R5>
<R5>
<R5>
<R5>
<R5>
<R5>
<R5>display mac-address
-------------------------------------------------------------------------------
MAC Address       VLAN/Bridge             Learned-From               Type      
-------------------------------------------------------------------------------

-------------------------------------------------------------------------------
Total items displayed = 0 

<R5>
<R5>
<R5>
<R5>
<R5>
<R5>
<R5>
<R5>
<R5>
<R5>display lldp neighbor brief
Local Intf   Neighbor Dev             Neighbor Intf             Exptime
GE0/0/0      R2                       GE0/0/0                   103    
<R5>
<R5>
<R5>
<R5>
<R5>
<R5>
<R5>
<R5>
<R5>
<R5>display current-configuration | include sysname
 sysname R5
<R5>
<R5>
<R5>
<R5>
<R5>
<R5>
<R5>
<R5>dir
Directory of flash:/

  Idx  Attr     Size(Byte)  Date        Time(LMT)  FileName 
    0  drw-              -  Mar 13 2026 18:21:01   dhcp
    1  -rw-        121,802  May 26 2014 09:20:58   portalpage.zip
    2  -rw-          2,263  Mar 13 2026 18:20:56   statemach.efs
    3  -rw-        828,482  May 26 2014 09:20:58   sslvpn.zip
    4  -rw-            945  Mar 13 2026 18:20:53   vrpcfg.zip

1,090,732 KB total (784,460 KB free)
<R5>
<R5>