
<R3>
<R3>
<R3>
<R3>
<R3>
<R3>
<R3>
<R3>
<R3>
<R3>
<R3>
<R3>
<R3>display lldp local
System information
Chassis type   :macAddress 
Chassis ID     :00e0-fcb0-795b
System name    :R3
System description  :Huawei AR1220 Huawei Versatile Routing Platform Software  VRP (R) software,Version 5.130 (AR1220 V200R003C00) Copyright (C) 2011-2012 Huawei Technologies Co., Ltd
System capabilities supported   :bridge  
System capabilities enabled     :bridge  
LLDP Up time   :2026/3/14 2:21:35

MED system information
Device class   :Network Connectivity
(MED inventory information of master board)
HardwareRev       :AR01SRU1A VER.A
FirmwareRev       :-
SoftwareRev       :V200R003C00
SerialNum         :NA
Manufacturer name :HUAWEI TECH CO., LTD
Model name        :NA
Asset tracking identifier :NA

System configuration
LLDP Status                     :enabled             (default is disabled)
LLDP Message Tx Interval        :30                  (default is 30s)     
LLDP Message Tx Hold Multiplier :4                   (default is 4)       
  ---- More ----[42D                                          [42DLLDP Refresh Delay              :2                   (default is 2s)      
  ---- More ----[42D                                          [42DLLDP Tx Delay                   :2                   (default is 2s)      
  ---- More ----[42D                                          [42DLLDP Notification Interval      :5                   (default is 5s)      
  ---- More ----[42D                                          [42D
<R3>ystem-view
    ^
Error: Unrecognized command found at '^' position.
<R3>
<R3>
<R3>
<R3>
<R3>
<R3>
<R3>
<R3>display interface brief
PHY: Physical
*down: administratively down
(l): loopback
(s): spoofing
(b): BFD down
^down: standby
(e): ETHOAM down
(d): Dampening Suppressed
InUti/OutUti: input utility/output utility
Interface                   PHY   Protocol InUti OutUti   inErrors  outErrors
Ethernet0/0/0               down  down        0%     0%          0          0
Ethernet0/0/1               down  down        0%     0%          0          0
Ethernet0/0/2               down  down        0%     0%          0          0
Ethernet0/0/3               down  down        0%     0%          0          0
Ethernet0/0/4               down  down        0%     0%          0          0
Ethernet0/0/5               down  down        0%     0%          0          0
Ethernet0/0/6               down  down        0%     0%          0          0
Ethernet0/0/7               down  down        0%     0%          0          0
GigabitEthernet0/0/0        down  down        0%     0%          0          0
GigabitEthernet0/0/1        down  down        0%     0%          0          0
LoopBack0                   up    up(s)       0%     0%          0          0
LoopBack1                   up    up(s)       0%     0%          0          0
LoopBack2                   up    up(s)       0%     0%          0          0
NULL0                       up    up(s)       0%     0%          0          0
Serial2/0/0                 down  down        0%     0%          0          0
Serial2/0/1                 up    up          0%     0%          0          0
<R3>
<R3>
<R3>
<R3>
<R3>
<R3>
<R3>
<R3>
<R3>
<R3>display ip interface brief
*down: administratively down
^down: standby
(l): loopback
(s): spoofing
The number of interface that is UP in Physical is 5
The number of interface that is DOWN in Physical is 3
The number of interface that is UP in Protocol is 5
The number of interface that is DOWN in Protocol is 3

Interface                         IP Address/Mask      Physical   Protocol  
GigabitEthernet0/0/0              unassigned           down       down      
GigabitEthernet0/0/1              unassigned           down       down      
LoopBack0                         10.0.3.3/32          up         up(s)     
LoopBack1                         10.1.3.3/24          up         up(s)     
LoopBack2                         10.2.3.3/24          up         up(s)     
NULL0                             unassigned           up         up(s)     
Serial2/0/0                       unassigned           down       down      
Serial2/0/1                       10.0.23.3/24         up         up        
<R3>
<R3>
<R3>
<R3>
<R3>
<R3>
<R3>
<R3>
<R3>
<R3>display arp
IP ADDRESS      MAC ADDRESS     EXPIRE(M) TYPE        INTERFACE   VPN-INSTANCE 
                                          VLAN/CEVLAN PVC                      
------------------------------------------------------------------------------
------------------------------------------------------------------------------
Total:0         Dynamic:0       Static:0     Interface:0    
<R3>
<R3>
<R3>
<R3>
<R3>
<R3>
<R3>
<R3>
<R3>
<R3>display mac-address
-------------------------------------------------------------------------------
MAC Address       VLAN/Bridge             Learned-From               Type      
-------------------------------------------------------------------------------

-------------------------------------------------------------------------------
Total items displayed = 0 

<R3>
<R3>
<R3>
<R3>
<R3>
<R3>
<R3>
<R3>
<R3>
<R3>display lldp neighbor brief
Local Intf   Neighbor Dev             Neighbor Intf             Exptime
<R3>
<R3>
<R3>
<R3>
<R3>
<R3>
<R3>
<R3>
<R3>
<R3>display current-configuration | include sysname
 sysname R3
<R3>
<R3>
<R3>
<R3>
<R3>
<R3>dir
Directory of flash:/

  Idx  Attr     Size(Byte)  Date        Time(LMT)  FileName 
    0  drw-              -  Mar 13 2026 18:21:05   dhcp
    1  -rw-        121,802  May 26 2014 09:20:58   portalpage.zip
    2  -rw-          2,263  Mar 13 2026 18:21:01   statemach.efs
    3  -rw-        828,482  May 26 2014 09:20:58   sslvpn.zip
    4  -rw-            949  Mar 13 2026 18:20:56   vrpcfg.zip

1,090,732 KB total (784,460 KB free)
<R3>
<R3>
<R3>
<R3>display ip routing-table
Route Flags: R - relay, D - download to fib
------------------------------------------------------------------------------
Routing Tables: Public
         Destinations : 17       Routes : 17       

Destination/Mask    Proto   Pre  Cost      Flags NextHop         Interface

       10.0.0.0/8   EBGP    255  0           D   10.0.23.2       Serial2/0/1
       10.0.3.3/32  Direct  0    0           D   127.0.0.1       LoopBack0
      10.0.23.0/24  Direct  0    0           D   10.0.23.3       Serial2/0/1
      10.0.23.2/32  Direct  0    0           D   10.0.23.2       Serial2/0/1
      10.0.23.3/32  Direct  0    0           D   127.0.0.1       Serial2/0/1
    10.0.23.255/32  Direct  0    0           D   127.0.0.1       Serial2/0/1
       10.1.3.0/24  Direct  0    0           D   10.1.3.3        LoopBack1
       10.1.3.3/32  Direct  0    0           D   127.0.0.1       LoopBack1
     10.1.3.255/32  Direct  0    0           D   127.0.0.1       LoopBack1
       10.1.5.0/24  EBGP    255  0           D   10.0.23.2       Serial2/0/1
       10.2.3.0/24  Direct  0    0           D   10.2.3.3        LoopBack2
       10.2.3.3/32  Direct  0    0           D   127.0.0.1       LoopBack2
     10.2.3.255/32  Direct  0    0           D   127.0.0.1       LoopBack2
      127.0.0.0/8   Direct  0    0           D   127.0.0.1       InLoopBack0
      127.0.0.1/32  Direct  0    0           D   127.0.0.1       InLoopBack0
127.255.255.255/32  Direct  0    0           D   127.0.0.1       InLoopBack0
255.255.255.255/32  Direct  0    0           D   127.0.0.1       InLoopBack0

<R3>
<R3>
<R3>
<R3>
<R3>
<R3>
<R3>
<R3>
<R3>
<R3>display ip interface brief
*down: administratively down
^down: standby
(l): loopback
(s): spoofing
The number of interface that is UP in Physical is 5
The number of interface that is DOWN in Physical is 3
The number of interface that is UP in Protocol is 5
The number of interface that is DOWN in Protocol is 3

Interface                         IP Address/Mask      Physical   Protocol  
GigabitEthernet0/0/0              unassigned           down       down      
GigabitEthernet0/0/1              unassigned           down       down      
LoopBack0                         10.0.3.3/32          up         up(s)     
LoopBack1                         10.1.3.3/24          up         up(s)     
LoopBack2                         10.2.3.3/24          up         up(s)     
NULL0                             unassigned           up         up(s)     
Serial2/0/0                       unassigned           down       down      
Serial2/0/1                       10.0.23.3/24         up         up        
<R3>
<R3>