[42D                                          [42D rule 0 permit source 10.2.3.0 0.0.0.255 
  ---- More ----[42D                                          [42D#
  ---- More ----[42D                                          [42Daaa 
  ---- More ----[42D                                          [42D authentication-scheme default
  ---- More ----[42D                                          [42D authorization-scheme default
  ---- More ----[42D                                          [42D accounting-scheme default
  ---- More ----[42D                                          [42D domain default 
  ---- More ----[42D                                          [42D domain default_admin 
  ---- More ----[42D                                          [42D local-user admin password cipher %$%$Y/HWJ-^94~odOx!"3(51QFz!T`8SH3IYJ>.9cqJ*BzH1Fz$Q%$%$
  ---- More ----[42D                                          [42D local-user admin service-type http
  ---- More ----[42D                                          [42D#
  ---- More ----[42D                                          [42Dfirewall zone Local
  ---- More ----[42D                                          [42D priority 15
  ---- More ----[42D                                          [42D#
  ---- More ----[42D                                          [42Dinterface Ethernet0/0/0
  ---- More ----[42D                                          [42D
<R3>isplay lldp local
    ^
Error: Unrecognized command found at '^' position.
<R3>
<R3>
<R3>
<R3>system-view
Enter system view, return user view with Ctrl+Z.
[R3]
[R3]lldp enable
Info: Global LLDP is already enabled.
[R3]
[R3]quit
<R3>
<R3>
<R3>
<R3>
<R3>
<R3>
<R3>
<R3>
<R3>
<R3>
<R3>
<R3>
<R3>
<R3>display interface brief
PHY: Physical
*down: administratively down
(l): loopback
(s): spoofing
(b): BFD down
^down: standby
(e): ETHOAM down
(d): Dampening Suppressed
InUti/OutUti: input utility/output utility
Interface                   PHY   Protocol InUti OutUti   inErrors  outErrors
Ethernet0/0/0               down  down        0%     0%          0          0
Ethernet0/0/1               down  down        0%     0%          0          0
Ethernet0/0/2               down  down        0%     0%          0          0
Ethernet0/0/3               down  down        0%     0%          0          0
Ethernet0/0/4               down  down        0%     0%          0          0
Ethernet0/0/5               down  down        0%     0%          0          0
Ethernet0/0/6               down  down        0%     0%          0          0
Ethernet0/0/7               down  down        0%     0%          0          0
GigabitEthernet0/0/0        down  down        0%     0%          0          0
GigabitEthernet0/0/1        down  down        0%     0%          0          0
LoopBack0                   up    up(s)       0%     0%          0          0
LoopBack1                   up    up(s)       0%     0%          0          0
LoopBack2                   up    up(s)       0%     0%          0          0
NULL0                       up    up(s)       0%     0%          0          0
Serial2/0/0                 down  down        0%     0%          0          0
Serial2/0/1                 up    up          0%     0%          0          0
<R3>
<R3>
<R3>
<R3>
<R3>
<R3>
<R3>
<R3>
<R3>
<R3>display ip interface brief
*down: administratively down
^down: standby
(l): loopback
(s): spoofing
The number of interface that is UP in Physical is 5
The number of interface that is DOWN in Physical is 3
The number of interface that is UP in Protocol is 5
The number of interface that is DOWN in Protocol is 3

Interface                         IP Address/Mask      Physical   Protocol  
GigabitEthernet0/0/0              unassigned           down       down      
GigabitEthernet0/0/1              unassigned           down       down      
LoopBack0                         10.0.3.3/32          up         up(s)     
LoopBack1                         10.1.3.3/24          up         up(s)     
LoopBack2                         10.2.3.3/24          up         up(s)     
NULL0                             unassigned           up         up(s)     
Serial2/0/0                       unassigned           down       down      
Serial2/0/1                       10.0.23.3/24         up         up        
<R3>
<R3>
<R3>
<R3>
<R3>
<R3>
<R3>
<R3>
<R3>
<R3>display arp
IP ADDRESS      MAC ADDRESS     EXPIRE(M) TYPE        INTERFACE   VPN-INSTANCE 
                                          VLAN/CEVLAN PVC                      
------------------------------------------------------------------------------
------------------------------------------------------------------------------
Total:0         Dynamic:0       Static:0     Interface:0    
<R3>
<R3>
<R3>
<R3>
<R3>
<R3>
<R3>
<R3>
<R3>
<R3>display mac-address
-------------------------------------------------------------------------------
MAC Address       VLAN/Bridge             Learned-From               Type      
-------------------------------------------------------------------------------

-------------------------------------------------------------------------------
Total items displayed = 0 

<R3>
<R3>
<R3>
<R3>
<R3>
<R3>
<R3>
<R3>
<R3>
<R3>display lldp neighbor brief
Local Intf   Neighbor Dev             Neighbor Intf             Exptime
<R3>
<R3>
<R3>
<R3>
<R3>
<R3>
<R3>
<R3>
<R3>
<R3>display current-configuration | include sysname
 sysname R3
<R3>
<R3>
<R3>
<R3>
<R3>
<R3>
<R3>
<R3>
<R3>
<R3>dir
Directory of flash:/

  Idx  Attr     Size(Byte)  Date        Time(LMT)  FileName 
    0  drw-              -  Mar 13 2026 18:21:05   dhcp
    1  -rw-        121,802  May 26 2014 09:20:58   portalpage.zip
    2  -rw-          2,263  Mar 13 2026 18:21:01   statemach.efs
    3  -rw-        828,482  May 26 2014 09:20:58   sslvpn.zip
    4  -rw-            949  Mar 13 2026 18:20:56   vrpcfg.zip

1,090,732 KB total (784,460 KB free)
<R3>
<R3>